average fitness: 8333359.773342214
best fitness: 157.27997957279882
t_tour: [2, 12, 3, 20, 9, 13, 16, 14, 22, 18, 17, 6, 8, 19, 1, 10, 5, 7, 11, 21, 4, 15]
UAV tour: {0: [0, 2, 0], 1: [0, 3, 6, 0], 2: [0, 20, 8, 0], 3: [0, 9, 19, 0], 4: [0, 13, 1, 0], 5: [0, 10, 5, 0], 6: [0, 7, 0], 7: [0, 21, 0], 8: [0, 4, 0]}
=========================================================
average fitness: 5333414.678429999
best fitness: 154.62133550827645
t_tour: [2, 12, 3, 20, 9, 13, 16, 14, 22, 18, 17, 6, 8, 19, 1, 10, 5, 7, 11, 21, 4, 15]
UAV tour: {0: [0, 2, 0], 1: [0, 3, 6, 0], 2: [0, 20, 8, 0], 3: [0, 19, 0], 4: [0, 13, 1, 0], 5: [0, 16, 0], 6: [0, 5, 0], 7: [0, 7, 0], 8: [0, 11, 0], 9: [0, 4, 0]}
=========================================================
average fitness: 3000120.8075042916
best fitness: 145.05499898160596
t_tour: [21, 1, 13, 5, 12, 6, 22, 15, 3, 14, 18, 11, 8, 17, 10, 2, 16, 19, 9, 20, 7, 4]
UAV tour: {0: [0, 21, 0], 1: [0, 15, 0], 2: [0, 13, 0], 3: [0, 14, 18, 12, 0], 4: [0, 11, 0], 5: [0, 8, 0], 6: [0, 16, 0], 7: [0, 9, 0], 8: [0, 20, 0], 9: [0, 7, 0], 10: [0, 4, 0]}
=========================================================
average fitness: 2666793.7169065946
best fitness: 144.47271833720646
t_tour: [21, 1, 13, 5, 12, 6, 22, 15, 3, 14, 18, 11, 8, 17, 10, 2, 16, 19, 9, 20, 7, 4]
UAV tour: {0: [0, 21, 0], 1: [0, 15, 0], 2: [0, 13, 0], 3: [0, 18, 0], 4: [0, 11, 0], 5: [0, 17, 10, 0], 6: [0, 16, 0], 7: [0, 9, 0], 8: [0, 20, 0], 9: [0, 7, 0]}
=========================================================
average fitness: 1000153.6111834946
best fitness: 139.6383969040163
t_tour: [21, 1, 13, 5, 12, 6, 22, 15, 3, 14, 18, 11, 8, 17, 10, 2, 16, 19, 9, 20, 7, 4]
UAV tour: {0: [0, 21, 0], 1: [0, 15, 0], 2: [0, 13, 0], 3: [0, 18, 12, 0], 4: [0, 8, 0], 5: [0, 10, 0], 6: [0, 16, 0], 7: [0, 9, 0], 8: [0, 20, 0], 9: [0, 7, 0], 10: [0, 4, 0]}
=========================================================
average fitness: 1000151.1705523283
best fitness: 141.81026498669215
t_tour: [21, 1, 13, 5, 12, 6, 22, 15, 3, 14, 18, 11, 8, 17, 10, 2, 16, 19, 9, 20, 7, 4]
UAV tour: {0: [0, 21, 0], 1: [0, 15, 0], 2: [0, 13, 0], 3: [0, 18, 0], 4: [0, 8, 0], 5: [0, 10, 0], 6: [0, 16, 0], 7: [0, 9, 0], 8: [0, 20, 0], 9: [0, 7, 0], 10: [0, 4, 0]}
=========================================================
average fitness: 1666805.5474616208
best fitness: 141.81026498669215
t_tour: [21, 1, 13, 5, 12, 6, 22, 15, 3, 14, 18, 11, 8, 17, 10, 2, 16, 19, 9, 20, 7, 4]
UAV tour: {0: [0, 21, 0], 1: [0, 15, 0], 2: [0, 13, 0], 3: [0, 18, 0], 4: [0, 8, 0], 5: [0, 10, 0], 6: [0, 16, 0], 7: [0, 19, 9, 0], 8: [0, 20, 0], 9: [0, 7, 0], 10: [0, 4, 0]}
=========================================================
average fitness: 333494.7384021059
best fitness: 144.9651731857001
t_tour: [11, 1, 13, 5, 12, 6, 22, 15, 3, 14, 18, 21, 16, 17, 10, 2, 4, 9, 19, 8, 20, 7]
UAV tour: {0: [0, 15, 0], 1: [0, 3, 0], 2: [0, 1, 0], 3: [0, 13, 0], 4: [0, 21, 0], 5: [0, 17, 10, 0], 6: [0, 4, 0], 7: [0, 9, 19, 0], 8: [0, 20, 0], 9: [0, 7, 0]}
=========================================================
average fitness: 1333475.9851269005
best fitness: 144.9651731857001
t_tour: [11, 1, 13, 5, 12, 6, 22, 15, 3, 14, 18, 21, 16, 17, 10, 2, 4, 9, 19, 8, 20, 7]
UAV tour: {0: [0, 15, 0], 1: [0, 3, 0], 2: [0, 1, 0], 3: [0, 13, 0], 4: [0, 21, 0], 5: [0, 17, 10, 0], 6: [0, 4, 0], 7: [0, 19, 0], 8: [0, 20, 0], 9: [0, 7, 0]}
=========================================================
average fitness: 2333458.9414600926
best fitness: 143.69400503855826
t_tour: [20, 5, 13, 1, 12, 6, 4, 17, 3, 21, 22, 14, 18, 11, 15, 2, 16, 19, 9, 8, 10, 7]
UAV tour: {0: [0, 18, 0], 1: [0, 5, 0], 2: [0, 15, 0], 3: [0, 1, 0], 4: [0, 16, 0], 5: [0, 4, 0], 6: [0, 9, 0], 7: [0, 21, 0], 8: [0, 8, 0], 9: [0, 10, 0], 10: [0, 7, 0]}
=========================================================
average fitness: 3666771.5379907098
best fitness: 146.5710896024309
t_tour: [20, 5, 13, 1, 12, 6, 4, 17, 15, 21, 22, 14, 18, 11, 7, 2, 16, 19, 9, 8, 10, 3]
UAV tour: {0: [0, 20, 0], 1: [0, 14, 18, 5, 0], 2: [0, 1, 0], 3: [0, 7, 0], 4: [0, 4, 0], 5: [0, 16, 0], 6: [0, 9, 0], 7: [0, 8, 0], 8: [0, 3, 0]}
=========================================================
average fitness: 1666798.9681486217
best fitness: 134.2501692149557
t_tour: [11, 1, 13, 5, 12, 6, 22, 10, 3, 14, 18, 21, 4, 17, 15, 2, 16, 19, 9, 8, 20, 7]
UAV tour: {0: [0, 3, 0], 1: [0, 1, 0], 2: [0, 13, 0], 3: [0, 21, 0], 4: [0, 4, 0], 5: [0, 12, 0], 6: [0, 15, 0], 7: [0, 16, 0], 8: [0, 9, 0], 9: [0, 20, 0], 10: [0, 7, 0]}
=========================================================
average fitness: 666815.5158567774
best fitness: 131.56373180273474
t_tour: [11, 1, 13, 5, 12, 6, 22, 10, 3, 14, 18, 21, 4, 17, 15, 2, 16, 9, 19, 8, 20, 7]
UAV tour: {0: [0, 3, 0], 1: [0, 1, 0], 2: [0, 13, 0], 3: [0, 21, 0], 4: [0, 4, 0], 5: [0, 12, 0], 6: [0, 15, 0], 7: [0, 16, 0], 8: [0, 19, 0], 9: [0, 8, 20, 0], 10: [0, 7, 0]}
=========================================================
average fitness: 1666801.0101019412
best fitness: 136.0992158192321
t_tour: [11, 1, 13, 5, 12, 6, 22, 16, 3, 21, 15, 14, 18, 17, 10, 2, 4, 9, 19, 8, 20, 7]
UAV tour: {0: [0, 16, 0], 1: [0, 1, 0], 2: [0, 21, 0], 3: [0, 13, 15, 0], 4: [0, 18, 0], 5: [0, 10, 0], 6: [0, 4, 0], 7: [0, 19, 0], 8: [0, 20, 0], 9: [0, 7, 0]}
=========================================================
average fitness: 1666803.6403584133
best fitness: 137.980214820575
t_tour: [11, 1, 13, 5, 12, 6, 22, 16, 3, 21, 15, 14, 18, 17, 10, 2, 4, 9, 19, 8, 20, 7]
UAV tour: {0: [0, 16, 0], 1: [0, 1, 0], 2: [0, 21, 0], 3: [0, 13, 15, 0], 4: [0, 18, 0], 5: [0, 10, 0], 6: [0, 4, 0], 7: [0, 19, 0], 8: [0, 20, 0]}
=========================================================
average fitness: 3666767.5298918006
best fitness: 138.49935723245153
t_tour: [11, 1, 13, 5, 12, 6, 22, 17, 3, 21, 15, 14, 18, 16, 10, 2, 4, 9, 19, 8, 20, 7]
UAV tour: {0: [0, 17, 0], 1: [0, 1, 21, 0], 2: [0, 13, 15, 0], 3: [0, 18, 0], 4: [0, 10, 0], 5: [0, 4, 0], 6: [0, 9, 19, 0], 7: [0, 20, 0], 8: [0, 7, 0]}
=========================================================
average fitness: 2000129.2818552512
best fitness: 135.38635878295742
t_tour: [9, 1, 13, 5, 12, 6, 22, 17, 3, 21, 15, 14, 18, 11, 10, 2, 16, 19, 7, 20, 8, 4]
UAV tour: {0: [0, 3, 0], 1: [0, 21, 0], 2: [0, 15, 13, 0], 3: [0, 18, 12, 0], 4: [0, 11, 0], 5: [0, 10, 0], 6: [0, 16, 0], 7: [0, 7, 0], 8: [0, 8, 0], 9: [0, 4, 0]}
=========================================================
average fitness: 2000128.2976573522
best fitness: 133.31981502321509
t_tour: [9, 1, 13, 5, 12, 6, 22, 10, 3, 14, 18, 21, 4, 17, 15, 2, 16, 19, 7, 20, 8, 11]
UAV tour: {0: [0, 3, 0], 1: [0, 13, 0], 2: [0, 21, 0], 3: [0, 4, 0], 4: [0, 12, 0], 5: [0, 15, 0], 6: [0, 16, 0], 7: [0, 7, 0], 8: [0, 8, 0]}
=========================================================
average fitness: 1333467.0434630713
best fitness: 131.66445513812602
t_tour: [11, 1, 13, 5, 12, 6, 22, 10, 3, 14, 18, 21, 4, 17, 15, 2, 16, 19, 7, 8, 20, 9]
UAV tour: {0: [0, 10, 3, 0], 1: [0, 1, 0], 2: [0, 13, 0], 3: [0, 21, 0], 4: [0, 4, 0], 5: [0, 12, 0], 6: [0, 15, 0], 7: [0, 16, 0], 8: [0, 7, 0], 9: [0, 20, 0]}
=========================================================
average fitness: 1666795.5334355826
best fitness: 128.97543303568844
t_tour: [11, 1, 13, 5, 12, 6, 22, 10, 3, 14, 18, 21, 4, 17, 15, 2, 16, 19, 7, 8, 20, 9]
UAV tour: {0: [0, 10, 3, 0], 1: [0, 1, 0], 2: [0, 13, 0], 3: [0, 21, 0], 4: [0, 4, 0], 5: [0, 12, 0], 6: [0, 15, 0], 7: [0, 16, 0], 8: [0, 7, 0], 9: [0, 20, 0], 10: [0, 9, 0]}
=========================================================
average fitness: 2333447.922845629
best fitness: 129.7021571818516
t_tour: [9, 11, 13, 5, 12, 6, 22, 10, 3, 14, 18, 21, 4, 17, 15, 2, 16, 19, 7, 20, 8, 1]
UAV tour: {0: [0, 3, 0], 1: [0, 13, 0], 2: [0, 21, 0], 3: [0, 4, 0], 4: [0, 12, 0], 5: [0, 15, 0], 6: [0, 16, 0], 7: [0, 7, 0], 8: [0, 8, 0]}
=========================================================
average fitness: 333477.57820140023
best fitness: 129.7021571818516
t_tour: [9, 11, 13, 5, 12, 6, 22, 10, 3, 14, 18, 21, 4, 17, 15, 2, 16, 19, 7, 20, 8, 1]
UAV tour: {0: [0, 10, 3, 0], 1: [0, 13, 0], 2: [0, 21, 0], 3: [0, 4, 0], 4: [0, 12, 0], 5: [0, 15, 0], 6: [0, 16, 0], 7: [0, 7, 0], 8: [0, 8, 0]}
=========================================================
average fitness: 666804.1254502237
best fitness: 128.97543303568844
t_tour: [11, 1, 13, 5, 12, 6, 22, 10, 3, 14, 18, 21, 4, 17, 15, 2, 16, 19, 7, 8, 20, 9]
UAV tour: {0: [0, 10, 3, 0], 1: [0, 1, 0], 2: [0, 13, 0], 3: [0, 21, 0], 4: [0, 4, 0], 5: [0, 12, 0], 6: [0, 15, 0], 7: [0, 16, 0], 8: [0, 7, 0], 9: [0, 8, 20, 0], 10: [0, 9, 0]}
=========================================================
average fitness: 1333456.5714221997
best fitness: 126.56483572209737
t_tour: [9, 11, 13, 5, 12, 6, 22, 10, 3, 14, 18, 21, 4, 20, 15, 2, 16, 19, 7, 17, 8, 1]
UAV tour: {0: [0, 10, 3, 0], 1: [0, 13, 0], 2: [0, 21, 0], 3: [0, 4, 0], 4: [0, 12, 0], 5: [0, 15, 0], 6: [0, 16, 0], 7: [0, 7, 0], 8: [0, 17, 0], 9: [0, 1, 0]}
=========================================================
average fitness: 1000125.2655997655
best fitness: 125.29677991914599
t_tour: [11, 1, 13, 5, 12, 6, 22, 10, 3, 14, 18, 21, 4, 20, 15, 2, 16, 19, 7, 17, 8, 9]
UAV tour: {0: [0, 3, 0], 1: [0, 1, 0], 2: [0, 13, 0], 3: [0, 21, 0], 4: [0, 4, 0], 5: [0, 12, 0], 6: [0, 15, 0], 7: [0, 16, 0], 8: [0, 7, 0], 9: [0, 17, 0], 10: [0, 8, 0], 11: [0, 9, 0]}
=========================================================
average fitness: 666793.5050427637
best fitness: 126.55937636259486
t_tour: [9, 11, 13, 5, 12, 6, 22, 17, 3, 14, 18, 21, 10, 4, 15, 2, 16, 19, 7, 20, 8, 1]
UAV tour: {0: [0, 17, 3, 0], 1: [0, 13, 0], 2: [0, 21, 0], 3: [0, 5, 12, 4, 0], 4: [0, 15, 0], 5: [0, 2, 16, 0], 6: [0, 7, 0], 7: [0, 20, 8, 0]}
=========================================================
average fitness: 333463.41675880924
best fitness: 126.56483572209737
t_tour: [9, 11, 13, 5, 12, 6, 22, 10, 3, 14, 18, 21, 4, 20, 15, 2, 16, 19, 7, 17, 8, 1]
UAV tour: {0: [0, 3, 0], 1: [0, 13, 0], 2: [0, 21, 0], 3: [0, 4, 0], 4: [0, 12, 0], 5: [0, 15, 0], 6: [0, 16, 0], 7: [0, 7, 0], 8: [0, 17, 0], 9: [0, 1, 0]}
=========================================================
average fitness: 131.22765256068922
best fitness: 126.04896673550019
t_tour: [9, 11, 13, 5, 12, 6, 22, 17, 3, 14, 18, 21, 4, 20, 15, 2, 16, 19, 7, 8, 10, 1]
UAV tour: {0: [0, 3, 0], 1: [0, 13, 0], 2: [0, 21, 0], 3: [0, 4, 0], 4: [0, 6, 0], 5: [0, 15, 0], 6: [0, 2, 16, 0], 7: [0, 7, 0], 8: [0, 8, 0], 9: [0, 10, 0], 10: [0, 1, 0]}
=========================================================
average fitness: 333457.83068673435
best fitness: 125.58063708937192
t_tour: [9, 11, 13, 5, 12, 6, 22, 17, 3, 14, 18, 21, 4, 20, 15, 2, 16, 19, 7, 8, 10, 1]
UAV tour: {0: [0, 17, 3, 0], 1: [0, 13, 0], 2: [0, 21, 0], 3: [0, 4, 0], 4: [0, 12, 0], 5: [0, 15, 0], 6: [0, 2, 16, 0], 7: [0, 7, 0], 8: [0, 8, 0], 9: [0, 10, 0], 10: [0, 1, 0]}
=========================================================
average fitness: 130.2089679158051
best fitness: 125.58063708937192
t_tour: [9, 11, 13, 5, 12, 6, 22, 17, 3, 14, 18, 21, 4, 20, 15, 2, 16, 19, 7, 8, 10, 1]
UAV tour: {0: [0, 3, 0], 1: [0, 13, 0], 2: [0, 21, 0], 3: [0, 4, 0], 4: [0, 12, 0], 5: [0, 15, 0], 6: [0, 2, 16, 0], 7: [0, 7, 0], 8: [0, 8, 0], 9: [0, 10, 0], 10: [0, 1, 0]}
=========================================================
