average fitness: 333397.28386268485
best fitness: 53.014775818972325
t_tour: [3, 10, 2, 6, 4, 7, 8, 5, 1, 11, 9, 12]
UAV tour: {0: [0, 10, 0], 1: [0, 2, 0], 2: [0, 6, 0], 3: [0, 4, 0], 4: [0, 7, 0], 5: [0, 8, 0], 6: [0, 5, 0], 7: [0, 1, 0], 8: [0, 11, 0], 9: [0, 9, 0]}
=========================================================
average fitness: 1000055.4290267255
best fitness: 53.014775818972325
t_tour: [3, 10, 2, 6, 4, 7, 8, 5, 1, 11, 9, 12]
UAV tour: {0: [0, 10, 0], 1: [0, 2, 0], 2: [0, 6, 0], 3: [0, 4, 0], 4: [0, 7, 0], 5: [0, 8, 0], 6: [0, 5, 0], 7: [0, 1, 0], 8: [0, 11, 0], 9: [0, 9, 0]}
=========================================================
average fitness: 666721.034933923
best fitness: 52.68004354657518
t_tour: [10, 5, 3, 8, 11, 2, 6, 9, 7, 4, 1, 12]
UAV tour: {0: [0, 10, 0], 1: [0, 5, 0], 2: [0, 8, 0], 3: [0, 11, 0], 4: [0, 2, 0], 5: [0, 6, 0], 6: [0, 9, 0], 7: [0, 7, 0], 8: [0, 4, 0], 9: [0, 1, 0]}
=========================================================
average fitness: 333390.5705485238
best fitness: 52.68004354657518
t_tour: [10, 5, 3, 8, 11, 2, 6, 9, 7, 4, 1, 12]
UAV tour: {0: [0, 10, 0], 1: [0, 5, 0], 2: [0, 8, 0], 3: [0, 11, 0], 4: [0, 2, 0], 5: [0, 6, 0], 6: [0, 9, 0], 7: [0, 7, 0], 8: [0, 4, 0], 9: [0, 1, 0]}
=========================================================
average fitness: 333390.1736997951
best fitness: 52.68004354657518
t_tour: [10, 5, 3, 8, 11, 2, 6, 9, 7, 4, 1, 12]
UAV tour: {0: [0, 10, 0], 1: [0, 5, 0], 2: [0, 3, 8, 0], 3: [0, 11, 0], 4: [0, 2, 0], 5: [0, 6, 0], 6: [0, 9, 0], 7: [0, 7, 0], 8: [0, 4, 0], 9: [0, 1, 0]}
=========================================================
average fitness: 1333384.9925889007
best fitness: 52.68004354657518
t_tour: [10, 5, 3, 8, 11, 2, 6, 9, 7, 4, 1, 12]
UAV tour: {0: [0, 10, 0], 1: [0, 5, 0], 2: [0, 8, 0], 3: [0, 11, 0], 4: [0, 2, 0], 5: [0, 6, 0], 6: [0, 9, 0], 7: [0, 7, 0], 8: [0, 4, 0], 9: [0, 1, 0]}
=========================================================
average fitness: 333389.5868421683
best fitness: 52.68004354657516
t_tour: [10, 5, 3, 8, 4, 1, 6, 9, 7, 11, 2, 12]
UAV tour: {0: [0, 10, 0], 1: [0, 5, 0], 2: [0, 3, 8, 0], 3: [0, 4, 0], 4: [0, 1, 0], 5: [0, 6, 0], 6: [0, 9, 0], 7: [0, 7, 0], 8: [0, 11, 0], 9: [0, 2, 0]}
=========================================================
average fitness: 1000051.0879534625
best fitness: 52.68004354657516
t_tour: [10, 5, 3, 8, 4, 1, 6, 9, 7, 11, 2, 12]
UAV tour: {0: [0, 10, 0], 1: [0, 5, 0], 2: [0, 8, 0], 3: [0, 4, 0], 4: [0, 1, 0], 5: [0, 6, 0], 6: [0, 9, 0], 7: [0, 7, 0], 8: [0, 11, 0], 9: [0, 2, 0]}
=========================================================
average fitness: 333389.64486874896
best fitness: 52.68004354657516
t_tour: [10, 5, 3, 8, 4, 1, 6, 9, 7, 11, 2, 12]
UAV tour: {0: [0, 10, 0], 1: [0, 5, 0], 2: [0, 8, 0], 3: [0, 4, 0], 4: [0, 1, 0], 5: [0, 6, 0], 6: [0, 9, 0], 7: [0, 7, 0], 8: [0, 11, 0], 9: [0, 2, 0]}
=========================================================
average fitness: 1000052.2565908559
best fitness: 52.680043546575156
t_tour: [9, 6, 3, 8, 11, 7, 5, 10, 4, 1, 2, 12]
UAV tour: {0: [0, 9, 0], 1: [0, 6, 0], 2: [0, 8, 0], 3: [0, 11, 0], 4: [0, 7, 0], 5: [0, 5, 0], 6: [0, 10, 0], 7: [0, 4, 0], 8: [0, 1, 0], 9: [0, 2, 0]}
=========================================================
average fitness: 333389.5369953817
best fitness: 52.680043546575156
t_tour: [9, 6, 3, 8, 11, 7, 5, 10, 4, 1, 2, 12]
UAV tour: {0: [0, 9, 0], 1: [0, 6, 0], 2: [0, 8, 0], 3: [0, 11, 0], 4: [0, 7, 0], 5: [0, 5, 0], 6: [0, 10, 0], 7: [0, 4, 0], 8: [0, 1, 0], 9: [0, 2, 0]}
=========================================================
average fitness: 56.3303855128414
best fitness: 52.68004354657515
t_tour: [12, 5, 3, 8, 4, 1, 6, 9, 7, 11, 2, 10]
UAV tour: {0: [0, 5, 0], 1: [0, 8, 0], 2: [0, 4, 0], 3: [0, 1, 0], 4: [0, 6, 0], 5: [0, 9, 0], 6: [0, 7, 0], 7: [0, 11, 0], 8: [0, 2, 0], 9: [0, 10, 0]}
=========================================================
average fitness: 333387.4550235092
best fitness: 52.68004354657515
t_tour: [12, 5, 3, 8, 4, 1, 6, 9, 7, 11, 2, 10]
UAV tour: {0: [0, 5, 0], 1: [0, 8, 0], 2: [0, 4, 0], 3: [0, 1, 0], 4: [0, 6, 0], 5: [0, 9, 0], 6: [0, 7, 0], 7: [0, 11, 0], 8: [0, 2, 0], 9: [0, 10, 0]}
=========================================================
average fitness: 56.257769845223194
best fitness: 52.68004354657515
t_tour: [11, 5, 3, 8, 4, 1, 6, 9, 7, 10, 2, 12]
UAV tour: {0: [0, 11, 0], 1: [0, 5, 0], 2: [0, 3, 8, 0], 3: [0, 4, 0], 4: [0, 1, 0], 5: [0, 6, 0], 6: [0, 9, 0], 7: [0, 7, 0], 8: [0, 10, 0], 9: [0, 2, 0]}
=========================================================
average fitness: 333387.92642542196
best fitness: 52.68004354657515
t_tour: [12, 5, 3, 8, 4, 1, 6, 9, 7, 11, 2, 10]
UAV tour: {0: [0, 5, 0], 1: [0, 8, 0], 2: [0, 4, 0], 3: [0, 1, 0], 4: [0, 6, 0], 5: [0, 9, 0], 6: [0, 7, 0], 7: [0, 11, 0], 8: [0, 2, 0], 9: [0, 10, 0]}
=========================================================
average fitness: 666718.463402055
best fitness: 52.68004354657515
t_tour: [12, 5, 3, 8, 4, 1, 6, 9, 7, 10, 2, 11]
UAV tour: {0: [0, 5, 0], 1: [0, 8, 0], 2: [0, 4, 0], 3: [0, 1, 0], 4: [0, 6, 0], 5: [0, 9, 0], 6: [0, 7, 0], 7: [0, 10, 0], 8: [0, 2, 0]}
=========================================================
average fitness: 55.10693564102379
best fitness: 52.68004354657515
t_tour: [11, 2, 3, 8, 4, 1, 6, 9, 7, 10, 5, 12]
UAV tour: {0: [0, 11, 0], 1: [0, 2, 0], 2: [0, 3, 8, 0], 3: [0, 4, 0], 4: [0, 1, 0], 5: [0, 6, 0], 6: [0, 9, 0], 7: [0, 7, 0], 8: [0, 10, 0], 9: [0, 5, 0]}
=========================================================
average fitness: 55.4207724513598
best fitness: 52.68004354657515
t_tour: [11, 12, 3, 8, 4, 1, 6, 9, 7, 10, 5, 2]
UAV tour: {0: [0, 8, 0], 1: [0, 4, 0], 2: [0, 1, 0], 3: [0, 6, 0], 4: [0, 9, 0], 5: [0, 7, 0], 6: [0, 10, 0], 7: [0, 5, 0], 8: [0, 2, 0]}
=========================================================
average fitness: 54.4908114681773
best fitness: 52.68004354657515
t_tour: [11, 5, 3, 8, 4, 1, 6, 9, 7, 10, 2, 12]
UAV tour: {0: [0, 11, 0], 1: [0, 5, 0], 2: [0, 3, 8, 0], 3: [0, 4, 0], 4: [0, 1, 0], 5: [0, 6, 0], 6: [0, 9, 0], 7: [0, 7, 0], 8: [0, 10, 0], 9: [0, 2, 0]}
=========================================================
average fitness: 53.97475603495944
best fitness: 52.68004354657514
t_tour: [11, 12, 3, 8, 9, 1, 6, 4, 7, 10, 5, 2]
UAV tour: {0: [0, 11, 0], 1: [0, 8, 0], 2: [0, 9, 0], 3: [0, 1, 0], 4: [0, 6, 0], 5: [0, 4, 0], 6: [0, 7, 0], 7: [0, 10, 0], 8: [0, 5, 0], 9: [0, 2, 0]}
=========================================================
average fitness: 333385.4426948186
best fitness: 52.68004354657514
t_tour: [11, 12, 3, 8, 9, 1, 6, 4, 7, 10, 5, 2]
UAV tour: {0: [0, 8, 0], 1: [0, 9, 0], 2: [0, 1, 0], 3: [0, 6, 0], 4: [0, 4, 0], 5: [0, 7, 0], 6: [0, 10, 0], 7: [0, 5, 0], 8: [0, 2, 0]}
=========================================================
average fitness: 333384.88232428464
best fitness: 52.68004354657514
t_tour: [11, 12, 3, 8, 9, 1, 6, 4, 7, 10, 5, 2]
UAV tour: {0: [0, 11, 0], 1: [0, 3, 8, 0], 2: [0, 9, 0], 3: [0, 1, 0], 4: [0, 6, 0], 5: [0, 4, 0], 6: [0, 7, 0], 7: [0, 10, 0], 8: [0, 5, 0], 9: [0, 2, 0]}
=========================================================
average fitness: 333385.128538936
best fitness: 52.68004354657514
t_tour: [11, 12, 3, 8, 9, 1, 6, 4, 7, 10, 5, 2]
UAV tour: {0: [0, 8, 0], 1: [0, 9, 0], 2: [0, 1, 0], 3: [0, 6, 0], 4: [0, 4, 0], 5: [0, 7, 0], 6: [0, 10, 0], 7: [0, 5, 0], 8: [0, 2, 0]}
=========================================================
average fitness: 53.400982679923985
best fitness: 52.68004354657514
t_tour: [11, 12, 3, 8, 9, 1, 6, 4, 7, 10, 5, 2]
UAV tour: {0: [0, 8, 0], 1: [0, 9, 0], 2: [0, 1, 0], 3: [0, 6, 0], 4: [0, 4, 0], 5: [0, 7, 0], 6: [0, 10, 0], 7: [0, 5, 0], 8: [0, 2, 0]}
=========================================================
average fitness: 53.022182671408686
best fitness: 52.68004354657514
t_tour: [11, 12, 3, 8, 9, 1, 6, 4, 7, 10, 5, 2]
UAV tour: {0: [0, 8, 0], 1: [0, 9, 0], 2: [0, 1, 0], 3: [0, 6, 0], 4: [0, 4, 0], 5: [0, 7, 0], 6: [0, 10, 0], 7: [0, 5, 0], 8: [0, 2, 0]}
=========================================================
average fitness: 53.00507030857053
best fitness: 52.68004354657514
t_tour: [11, 12, 3, 8, 9, 1, 6, 4, 7, 10, 5, 2]
UAV tour: {0: [0, 11, 0], 1: [0, 8, 0], 2: [0, 9, 0], 3: [0, 1, 0], 4: [0, 6, 0], 5: [0, 4, 0], 6: [0, 7, 0], 7: [0, 10, 0], 8: [0, 5, 0], 9: [0, 2, 0]}
=========================================================
average fitness: 333384.3597573703
best fitness: 52.68004354657514
t_tour: [11, 12, 3, 8, 9, 1, 6, 4, 7, 10, 5, 2]
UAV tour: {0: [0, 8, 0], 1: [0, 9, 0], 2: [0, 1, 0], 3: [0, 6, 0], 4: [0, 4, 0], 5: [0, 7, 0], 6: [0, 10, 0], 7: [0, 5, 0], 8: [0, 2, 0]}
=========================================================
average fitness: 52.946741368151606
best fitness: 52.68004354657514
t_tour: [11, 12, 3, 8, 9, 1, 6, 4, 7, 10, 5, 2]
UAV tour: {0: [0, 3, 8, 0], 1: [0, 9, 0], 2: [0, 1, 0], 3: [0, 6, 0], 4: [0, 4, 0], 5: [0, 7, 0], 6: [0, 10, 0], 7: [0, 5, 0], 8: [0, 2, 0]}
=========================================================
average fitness: 53.152614666801796
best fitness: 52.68004354657514
t_tour: [11, 12, 3, 8, 9, 1, 6, 4, 7, 10, 5, 2]
UAV tour: {0: [0, 11, 0], 1: [0, 8, 0], 2: [0, 9, 0], 3: [0, 1, 0], 4: [0, 6, 0], 5: [0, 4, 0], 6: [0, 7, 0], 7: [0, 10, 0], 8: [0, 5, 0], 9: [0, 2, 0]}
=========================================================
average fitness: 52.952151379768424
best fitness: 52.68004354657514
t_tour: [11, 12, 3, 8, 9, 1, 6, 4, 7, 10, 5, 2]
UAV tour: {0: [0, 11, 0], 1: [0, 8, 0], 2: [0, 9, 0], 3: [0, 1, 0], 4: [0, 6, 0], 5: [0, 4, 0], 6: [0, 7, 0], 7: [0, 10, 0], 8: [0, 5, 0], 9: [0, 2, 0]}
=========================================================
RUNNING TIME: 0:04:38.182665
