average fitness: 20.88145705155682
best fitness: 16.807687797445208
t_tour: [2, 8, 7, 1, 3, 6, 4, 5]
UAV tour: {0: [0, 7, 0], 1: [0, 1, 0], 2: [0, 3, 0], 3: [0, 6, 0], 4: [0, 4, 0], 5: [0, 5, 0]}
=========================================================
average fitness: 19.598647519748436
best fitness: 15.999337293129024
t_tour: [4, 5, 2, 6, 3, 1, 8, 7]
UAV tour: {0: [0, 7, 0], 1: [0, 4, 0], 2: [0, 5, 0], 3: [0, 2, 0], 4: [0, 6, 0], 5: [0, 3, 0], 6: [0, 1, 0]}
=========================================================
average fitness: 18.45804325959689
best fitness: 15.999337293129024
t_tour: [4, 5, 2, 6, 3, 1, 7, 8]
UAV tour: {0: [0, 4, 0], 1: [0, 5, 0], 2: [0, 2, 0], 3: [0, 6, 0], 4: [0, 3, 0], 5: [0, 1, 0], 6: [0, 7, 0]}
=========================================================
average fitness: 17.92969613610918
best fitness: 15.96842918864989
t_tour: [4, 6, 7, 1, 3, 2, 5, 8]
UAV tour: {0: [0, 4, 0], 1: [0, 6, 0], 2: [0, 7, 0], 3: [0, 1, 0], 4: [0, 3, 0], 5: [0, 2, 0], 6: [0, 5, 0]}
=========================================================
average fitness: 17.621502833999685
best fitness: 15.96842918864989
t_tour: [4, 6, 7, 1, 3, 2, 5, 8]
UAV tour: {0: [0, 4, 0], 1: [0, 6, 0], 2: [0, 7, 0], 3: [0, 1, 0], 4: [0, 3, 0], 5: [0, 2, 0], 6: [0, 5, 0]}
=========================================================
average fitness: 17.511792632295474
best fitness: 15.968429188649885
t_tour: [5, 7, 2, 1, 3, 6, 4, 8]
UAV tour: {0: [0, 5, 0], 1: [0, 7, 0], 2: [0, 2, 0], 3: [0, 1, 0], 4: [0, 3, 0], 5: [0, 6, 0], 6: [0, 4, 0]}
=========================================================
average fitness: 17.38971915003689
best fitness: 15.968429188649885
t_tour: [5, 7, 2, 1, 3, 6, 4, 8]
UAV tour: {0: [0, 5, 0], 1: [0, 7, 0], 2: [0, 2, 0], 3: [0, 1, 0], 4: [0, 3, 0], 5: [0, 6, 0], 6: [0, 4, 0]}
=========================================================
average fitness: 16.99809899266664
best fitness: 15.968429188649885
t_tour: [5, 7, 2, 1, 3, 6, 4, 8]
UAV tour: {0: [0, 5, 0], 1: [0, 7, 0], 2: [0, 2, 0], 3: [0, 1, 0], 4: [0, 3, 0], 5: [0, 6, 0], 6: [0, 4, 0]}
=========================================================
average fitness: 16.809017895527194
best fitness: 15.968429188649885
t_tour: [5, 7, 2, 1, 3, 6, 4, 8]
UAV tour: {0: [0, 5, 0], 1: [0, 7, 0], 2: [0, 2, 0], 3: [0, 1, 0], 4: [0, 3, 0], 5: [0, 6, 0], 6: [0, 4, 0]}
=========================================================
average fitness: 16.700501191799443
best fitness: 15.968429188649885
t_tour: [5, 7, 2, 1, 3, 6, 4, 8]
UAV tour: {0: [0, 5, 0], 1: [0, 7, 0], 2: [0, 2, 0], 3: [0, 1, 0], 4: [0, 3, 0], 5: [0, 6, 0], 6: [0, 4, 0]}
=========================================================
average fitness: 16.499603376826357
best fitness: 15.968429188649885
t_tour: [5, 7, 2, 1, 3, 6, 4, 8]
UAV tour: {0: [0, 5, 0], 1: [0, 7, 0], 2: [0, 2, 0], 3: [0, 1, 0], 4: [0, 3, 0], 5: [0, 6, 0], 6: [0, 4, 0]}
=========================================================
average fitness: 16.60919979968814
best fitness: 15.968429188649885
t_tour: [5, 7, 2, 1, 3, 6, 4, 8]
UAV tour: {0: [0, 5, 0], 1: [0, 7, 0], 2: [0, 2, 0], 3: [0, 1, 0], 4: [0, 3, 0], 5: [0, 6, 0], 6: [0, 4, 0]}
=========================================================
average fitness: 16.267758976517445
best fitness: 15.968429188649885
t_tour: [5, 7, 2, 1, 3, 6, 4, 8]
UAV tour: {0: [0, 5, 0], 1: [0, 7, 0], 2: [0, 2, 0], 3: [0, 1, 0], 4: [0, 3, 0], 5: [0, 6, 0], 6: [0, 4, 0]}
=========================================================
average fitness: 16.252452120622348
best fitness: 15.968429188649885
t_tour: [5, 7, 2, 1, 3, 6, 4, 8]
UAV tour: {0: [0, 5, 0], 1: [0, 7, 0], 2: [0, 2, 0], 3: [0, 1, 0], 4: [0, 3, 0], 5: [0, 6, 0], 6: [0, 4, 0]}
=========================================================
average fitness: 16.56884294712773
best fitness: 15.968429188649885
t_tour: [5, 7, 2, 1, 3, 6, 4, 8]
UAV tour: {0: [0, 5, 0], 1: [0, 7, 0], 2: [0, 2, 0], 3: [0, 1, 0], 4: [0, 3, 0], 5: [0, 6, 0], 6: [0, 4, 0]}
=========================================================
average fitness: 16.639187221367337
best fitness: 15.968429188649885
t_tour: [5, 7, 2, 1, 3, 6, 4, 8]
UAV tour: {0: [0, 5, 0], 1: [0, 7, 0], 2: [0, 2, 0], 3: [0, 1, 0], 4: [0, 3, 0], 5: [0, 6, 0], 6: [0, 4, 0]}
=========================================================
average fitness: 16.244869448031537
best fitness: 15.968429188649885
t_tour: [5, 7, 2, 1, 3, 6, 4, 8]
UAV tour: {0: [0, 5, 0], 1: [0, 7, 0], 2: [0, 2, 0], 3: [0, 1, 0], 4: [0, 3, 0], 5: [0, 6, 0], 6: [0, 4, 0]}
=========================================================
average fitness: 16.36037653099478
best fitness: 15.968429188649885
t_tour: [5, 7, 2, 1, 3, 6, 4, 8]
UAV tour: {0: [0, 5, 0], 1: [0, 7, 0], 2: [0, 2, 0], 3: [0, 1, 0], 4: [0, 3, 0], 5: [0, 6, 0], 6: [0, 4, 0]}
=========================================================
average fitness: 16.548998828462878
best fitness: 15.968429188649885
t_tour: [5, 7, 2, 1, 3, 6, 4, 8]
UAV tour: {0: [0, 5, 0], 1: [0, 7, 0], 2: [0, 2, 0], 3: [0, 1, 0], 4: [0, 3, 0], 5: [0, 6, 0], 6: [0, 4, 0]}
=========================================================
average fitness: 16.64499024584468
best fitness: 15.968429188649885
t_tour: [5, 7, 2, 1, 3, 6, 4, 8]
UAV tour: {0: [0, 5, 0], 1: [0, 7, 0], 2: [0, 2, 0], 3: [0, 1, 0], 4: [0, 3, 0], 5: [0, 6, 0], 6: [0, 4, 0]}
=========================================================
average fitness: 16.425416521777347
best fitness: 15.968429188649885
t_tour: [5, 7, 2, 1, 3, 6, 4, 8]
UAV tour: {0: [0, 5, 0], 1: [0, 7, 0], 2: [0, 2, 0], 3: [0, 1, 0], 4: [0, 3, 0], 5: [0, 6, 0], 6: [0, 4, 0]}
=========================================================
average fitness: 16.347066891426767
best fitness: 15.968429188649885
t_tour: [5, 7, 2, 1, 3, 6, 4, 8]
UAV tour: {0: [0, 5, 0], 1: [0, 7, 0], 2: [0, 2, 0], 3: [0, 1, 0], 4: [0, 3, 0], 5: [0, 6, 0], 6: [0, 4, 0]}
=========================================================
average fitness: 16.43259378994821
best fitness: 15.968429188649885
t_tour: [5, 7, 2, 1, 3, 6, 4, 8]
UAV tour: {0: [0, 5, 0], 1: [0, 7, 0], 2: [0, 2, 0], 3: [0, 1, 0], 4: [0, 3, 0], 5: [0, 6, 0], 6: [0, 4, 0]}
=========================================================
average fitness: 16.655643098970035
best fitness: 15.968429188649885
t_tour: [5, 7, 2, 1, 3, 6, 4, 8]
UAV tour: {0: [0, 5, 0], 1: [0, 7, 0], 2: [0, 2, 0], 3: [0, 1, 0], 4: [0, 3, 0], 5: [0, 6, 0], 6: [0, 4, 0]}
=========================================================
average fitness: 16.387968386245948
best fitness: 15.968429188649885
t_tour: [5, 7, 2, 1, 3, 6, 4, 8]
UAV tour: {0: [0, 5, 0], 1: [0, 7, 0], 2: [0, 2, 0], 3: [0, 1, 0], 4: [0, 3, 0], 5: [0, 6, 0], 6: [0, 4, 0]}
=========================================================
average fitness: 16.484195088668635
best fitness: 15.968429188649885
t_tour: [5, 7, 2, 1, 3, 6, 4, 8]
UAV tour: {0: [0, 5, 0], 1: [0, 7, 0], 2: [0, 2, 0], 3: [0, 1, 0], 4: [0, 3, 0], 5: [0, 6, 0], 6: [0, 4, 0]}
=========================================================
average fitness: 16.29966681844061
best fitness: 15.968429188649885
t_tour: [5, 7, 2, 1, 3, 6, 4, 8]
UAV tour: {0: [0, 5, 0], 1: [0, 7, 0], 2: [0, 2, 0], 3: [0, 1, 0], 4: [0, 3, 0], 5: [0, 6, 0], 6: [0, 4, 0]}
=========================================================
average fitness: 16.421802067580543
best fitness: 15.968429188649885
t_tour: [5, 7, 2, 1, 3, 6, 4, 8]
UAV tour: {0: [0, 5, 0], 1: [0, 7, 0], 2: [0, 2, 0], 3: [0, 1, 0], 4: [0, 3, 0], 5: [0, 6, 0], 6: [0, 4, 0]}
=========================================================
average fitness: 16.341983697300968
best fitness: 15.968429188649885
t_tour: [5, 7, 2, 1, 3, 6, 4, 8]
UAV tour: {0: [0, 5, 0], 1: [0, 7, 0], 2: [0, 2, 0], 3: [0, 1, 0], 4: [0, 3, 0], 5: [0, 6, 0], 6: [0, 4, 0]}
=========================================================
average fitness: 16.42604247702787
best fitness: 15.968429188649885
t_tour: [5, 7, 2, 1, 3, 6, 4, 8]
UAV tour: {0: [0, 5, 0], 1: [0, 7, 0], 2: [0, 2, 0], 3: [0, 1, 0], 4: [0, 3, 0], 5: [0, 6, 0], 6: [0, 4, 0]}
=========================================================
average fitness: 20.711640716446663
best fitness: 17.03149445117401
t_tour: [2, 3, 6, 4, 7, 1, 8, 5]
UAV tour: {0: [0, 2, 0], 1: [0, 3, 0], 2: [0, 6, 0], 3: [0, 4, 0], 4: [0, 7, 0], 5: [0, 1, 0]}
=========================================================
