average fitness: 9999999.0
best fitness: 9999999.0
t_tour: [10, 11, 1, 6, 5, 4, 7, 12, 13, 8, 2, 3, 14, 9]
UAV tour: {0: [0, 9, 0], 1: [0, 4, 0], 2: [0, 12, 0], 3: [0, 8, 0], 4: [0, 3, 0]}
=========================================================
average fitness: 9999999.0
best fitness: 9999999.0
t_tour: [2, 9, 14, 13, 1, 6, 8, 7, 3, 10, 11, 4, 12, 5]
UAV tour: {0: [0, 13, 0], 1: [0, 1, 0], 2: [0, 9, 0], 3: [0, 3, 0], 4: [0, 4, 0], 5: [0, 12, 0]}
=========================================================
average fitness: 9999999.0
best fitness: 9999999.0
t_tour: [1, 4, 14, 5, 6, 13, 2, 3, 7, 9, 11, 12, 10, 8]
UAV tour: {0: [0, 6, 0], 1: [0, 4, 0], 2: [0, 13, 0], 3: [0, 2, 0], 4: [0, 11, 0], 5: [0, 8, 0]}
=========================================================
average fitness: 9666672.645488033
best fitness: 208.36464100349275
t_tour: [11, 13, 3, 7, 1, 10, 8, 14, 4, 12, 9, 6, 2, 5]
UAV tour: {0: [0, 4, 0], 1: [0, 12, 3, 0], 2: [0, 1, 0], 3: [0, 5, 0]}
=========================================================
average fitness: 9666672.645488033
best fitness: 208.36464100349275
t_tour: [11, 13, 3, 7, 1, 10, 8, 14, 4, 12, 9, 6, 2, 5]
UAV tour: {0: [0, 4, 0], 1: [0, 12, 3, 0], 2: [0, 1, 0], 3: [0, 5, 0]}
=========================================================
average fitness: 9666672.645488033
best fitness: 208.36464100349275
t_tour: [11, 13, 3, 7, 1, 10, 8, 14, 4, 12, 9, 6, 2, 5]
UAV tour: {0: [0, 4, 0], 1: [0, 12, 3, 0], 2: [0, 1, 0], 3: [0, 5, 0]}
=========================================================
average fitness: 9666672.651399171
best fitness: 208.54197515216254
t_tour: [11, 13, 3, 7, 1, 10, 8, 14, 4, 12, 9, 6, 2, 5]
UAV tour: {0: [0, 4, 0], 1: [0, 12, 3, 0], 2: [0, 6, 0], 3: [0, 10, 0]}
=========================================================
average fitness: 9666672.851637397
best fitness: 214.54912191540888
t_tour: [11, 13, 3, 7, 1, 10, 8, 14, 4, 12, 9, 6, 2, 5]
UAV tour: {0: [0, 4, 0], 1: [0, 13, 0], 2: [0, 3, 0], 3: [0, 6, 0], 4: [0, 10, 0]}
=========================================================
average fitness: 9333346.737434518
best fitness: 209.83554528867217
t_tour: [11, 13, 3, 7, 1, 10, 8, 14, 4, 12, 9, 6, 2, 5]
UAV tour: {0: [0, 4, 0], 1: [0, 12, 3, 0], 2: [0, 1, 0], 3: [0, 2, 0], 4: [0, 5, 0]}
=========================================================
average fitness: 8333366.392333346
best fitness: 170.96567423578136
t_tour: [11, 13, 10, 7, 1, 8, 3, 14, 4, 12, 9, 6, 2, 5]
UAV tour: {0: [0, 4, 0], 1: [0, 13, 0], 2: [0, 10, 0], 3: [0, 6, 0], 4: [0, 1, 0], 5: [0, 8, 0], 6: [0, 3, 0]}
=========================================================
average fitness: 8000037.60756451
best fitness: 170.96567423578136
t_tour: [11, 13, 10, 7, 1, 8, 3, 14, 4, 12, 9, 6, 2, 5]
UAV tour: {0: [0, 4, 0], 1: [0, 13, 0], 2: [0, 10, 0], 3: [0, 6, 0], 4: [0, 1, 0], 5: [0, 8, 0], 6: [0, 3, 0]}
=========================================================
average fitness: 7000057.3982079495
best fitness: 170.4956676596717
t_tour: [10, 11, 3, 7, 1, 13, 8, 14, 4, 12, 9, 6, 5, 2]
UAV tour: {0: [0, 10, 0], 1: [0, 12, 0], 2: [0, 3, 0], 3: [0, 6, 0], 4: [0, 5, 0], 5: [0, 13, 0], 6: [0, 8, 0]}
=========================================================
average fitness: 6333401.3625351
best fitness: 170.4956676596717
t_tour: [10, 11, 3, 7, 1, 13, 8, 14, 4, 12, 9, 6, 5, 2]
UAV tour: {0: [0, 10, 0], 1: [0, 12, 0], 2: [0, 3, 0], 3: [0, 6, 0], 4: [0, 5, 0], 5: [0, 13, 0], 6: [0, 8, 0]}
=========================================================
average fitness: 5333420.393197624
best fitness: 168.21266463266494
t_tour: [11, 2, 5, 7, 1, 8, 3, 14, 4, 12, 9, 6, 13, 10]
UAV tour: {0: [0, 4, 0], 1: [0, 12, 0], 2: [0, 5, 0], 3: [0, 1, 0], 4: [0, 13, 0], 5: [0, 8, 0], 6: [0, 3, 0]}
=========================================================
average fitness: 4333438.847664181
best fitness: 168.21266463266494
t_tour: [11, 2, 5, 7, 1, 8, 3, 14, 4, 12, 9, 6, 13, 10]
UAV tour: {0: [0, 4, 0], 1: [0, 12, 0], 2: [0, 5, 0], 3: [0, 1, 0], 4: [0, 13, 0], 5: [0, 8, 0], 6: [0, 3, 0]}
=========================================================
average fitness: 3000132.3632341186
best fitness: 162.7544885255578
t_tour: [11, 3, 5, 7, 1, 13, 8, 14, 4, 2, 9, 6, 12, 10]
UAV tour: {0: [0, 4, 0], 1: [0, 2, 5, 0], 2: [0, 6, 0], 3: [0, 13, 0], 4: [0, 12, 0]}
=========================================================
average fitness: 3000127.2309388714
best fitness: 162.7544885255578
t_tour: [11, 3, 5, 7, 1, 13, 8, 14, 4, 2, 9, 6, 12, 10]
UAV tour: {0: [0, 4, 0], 1: [0, 2, 5, 0], 2: [0, 6, 0], 3: [0, 13, 0], 4: [0, 12, 0]}
=========================================================
average fitness: 3666784.4431301025
best fitness: 163.24404273405196
t_tour: [11, 3, 5, 7, 1, 13, 8, 14, 4, 2, 9, 6, 12, 10]
UAV tour: {0: [0, 4, 0], 1: [0, 2, 5, 0], 2: [0, 6, 0], 3: [0, 13, 0], 4: [0, 8, 0], 5: [0, 10, 0]}
=========================================================
average fitness: 2333471.6447276375
best fitness: 159.94912332129834
t_tour: [11, 4, 3, 7, 1, 5, 8, 14, 13, 2, 9, 6, 10, 12]
UAV tour: {0: [0, 13, 0], 1: [0, 2, 0], 2: [0, 3, 0], 3: [0, 10, 0], 4: [0, 5, 0], 5: [0, 8, 0]}
=========================================================
average fitness: 2333470.0147594954
best fitness: 151.2907416534922
t_tour: [11, 3, 13, 7, 2, 5, 8, 14, 4, 1, 9, 6, 12, 10]
UAV tour: {0: [0, 4, 0], 1: [0, 1, 0], 2: [0, 13, 0], 3: [0, 6, 0], 4: [0, 5, 0], 5: [0, 10, 0]}
=========================================================
average fitness: 3666778.7386785806
best fitness: 147.35010095988082
t_tour: [11, 3, 2, 7, 1, 10, 8, 14, 4, 5, 9, 6, 12, 13]
UAV tour: {0: [0, 4, 0], 1: [0, 5, 0], 2: [0, 3, 0], 3: [0, 6, 0], 4: [0, 1, 0], 5: [0, 10, 0]}
=========================================================
average fitness: 3000123.957887868
best fitness: 147.35010095988082
t_tour: [11, 3, 2, 7, 1, 10, 8, 14, 4, 5, 9, 6, 12, 13]
UAV tour: {0: [0, 4, 0], 1: [0, 5, 0], 2: [0, 3, 0], 3: [0, 6, 0], 4: [0, 1, 0], 5: [0, 10, 0]}
=========================================================
average fitness: 4000106.479745659
best fitness: 147.35010095988082
t_tour: [11, 3, 2, 7, 1, 10, 8, 14, 4, 5, 9, 6, 12, 13]
UAV tour: {0: [0, 4, 0], 1: [0, 5, 0], 2: [0, 3, 0], 3: [0, 6, 0], 4: [0, 1, 0], 5: [0, 10, 0]}
=========================================================
average fitness: 1666815.4977220362
best fitness: 147.35010095988082
t_tour: [11, 3, 2, 7, 1, 10, 8, 14, 4, 5, 9, 6, 12, 13]
UAV tour: {0: [0, 4, 0], 1: [0, 5, 0], 2: [0, 3, 0], 3: [0, 6, 0], 4: [0, 1, 0], 5: [0, 10, 0]}
=========================================================
average fitness: 1333490.0495438348
best fitness: 147.35010095988082
t_tour: [11, 3, 2, 7, 1, 10, 8, 14, 4, 5, 9, 6, 12, 13]
UAV tour: {0: [0, 4, 0], 1: [0, 5, 0], 2: [0, 3, 0], 3: [0, 6, 0], 4: [0, 1, 0], 5: [0, 10, 0]}
=========================================================
average fitness: 2333469.0326874256
best fitness: 147.35010095988082
t_tour: [11, 3, 2, 7, 1, 10, 8, 14, 4, 5, 9, 6, 12, 13]
UAV tour: {0: [0, 4, 0], 1: [0, 5, 0], 2: [0, 3, 0], 3: [0, 6, 0], 4: [0, 1, 0], 5: [0, 10, 0]}
=========================================================
average fitness: 3666777.1718199393
best fitness: 147.35010095988082
t_tour: [11, 3, 2, 7, 1, 10, 8, 14, 4, 5, 9, 6, 12, 13]
UAV tour: {0: [0, 4, 0], 1: [0, 5, 0], 2: [0, 3, 0], 3: [0, 6, 0], 4: [0, 1, 0], 5: [0, 10, 0]}
=========================================================
average fitness: 3333448.1786109935
best fitness: 146.8106978442625
t_tour: [11, 8, 2, 7, 1, 10, 3, 14, 4, 5, 9, 6, 12, 13]
UAV tour: {0: [0, 4, 0], 1: [0, 5, 0], 2: [0, 8, 0], 3: [0, 6, 0], 4: [0, 1, 0], 5: [0, 10, 0], 6: [0, 3, 0]}
=========================================================
average fitness: 3000117.7377029015
best fitness: 146.8106978442625
t_tour: [11, 8, 2, 7, 1, 10, 3, 14, 4, 5, 9, 6, 12, 13]
UAV tour: {0: [0, 4, 0], 1: [0, 5, 0], 2: [0, 8, 0], 3: [0, 6, 0], 4: [0, 1, 0], 5: [0, 10, 0], 6: [0, 3, 0]}
=========================================================
average fitness: 1333478.3163736612
best fitness: 146.8106978442625
t_tour: [11, 8, 2, 7, 1, 10, 3, 14, 4, 5, 9, 6, 12, 13]
UAV tour: {0: [0, 4, 0], 1: [0, 5, 0], 2: [0, 8, 0], 3: [0, 6, 0], 4: [0, 1, 0], 5: [0, 10, 0], 6: [0, 3, 0]}
=========================================================
RUNNING TIME: 0:04:16.162769
