average fitness: 8000031.499975218
best fitness: 151.12809816694028
t_tour: [12, 18, 17, 6, 15, 2, 1, 11, 9, 19, 13, 3, 8, 22, 20, 4, 14, 16, 21, 7, 5, 10]
UAV tour: {0: [0, 18, 17, 0], 1: [0, 6, 0], 2: [0, 4, 15, 0], 3: [0, 14, 0], 4: [0, 2, 0], 5: [0, 11, 21, 0], 6: [0, 7, 0], 7: [0, 9, 0], 8: [0, 5, 0], 9: [0, 13, 0], 10: [0, 3, 0]}
=========================================================
average fitness: 5333407.062534431
best fitness: 142.56501271659542
t_tour: [21, 9, 18, 8, 7, 3, 11, 1, 14, 17, 12, 5, 15, 22, 10, 2, 20, 13, 4, 19, 6, 16]
UAV tour: {0: [0, 21, 0], 1: [0, 9, 0], 2: [0, 18, 0], 3: [0, 2, 0], 4: [0, 7, 0], 5: [0, 13, 0], 6: [0, 4, 0], 7: [0, 1, 0], 8: [0, 14, 6, 0], 9: [0, 12, 0], 10: [0, 5, 0]}
=========================================================
average fitness: 4666750.190476943
best fitness: 136.54580860001366
t_tour: [2, 11, 20, 6, 9, 14, 17, 10, 7, 5, 3, 22, 15, 4, 18, 8, 21, 16, 13, 1, 12, 19]
UAV tour: {0: [0, 4, 11, 0], 1: [0, 18, 0], 2: [0, 6, 0], 3: [0, 14, 0], 4: [0, 21, 0], 5: [0, 17, 13, 0], 6: [0, 1, 0], 7: [0, 12, 0], 8: [0, 7, 0], 9: [0, 5, 0]}
=========================================================
average fitness: 1000143.4550138073
best fitness: 133.93386933181628
t_tour: [15, 20, 2, 9, 10, 13, 17, 12, 5, 4, 6, 22, 16, 7, 18, 3, 21, 14, 11, 8, 19, 1]
UAV tour: {0: [0, 15, 16, 0], 1: [0, 7, 0], 2: [0, 18, 0], 3: [0, 9, 0], 4: [0, 21, 0], 5: [0, 14, 0], 6: [0, 11, 0], 7: [0, 13, 0], 8: [0, 8, 0], 9: [0, 12, 0], 10: [0, 4, 0], 11: [0, 6, 0]}
=========================================================
average fitness: 1666795.1746386434
best fitness: 132.103908643636
t_tour: [15, 20, 2, 9, 10, 13, 17, 12, 5, 11, 6, 22, 16, 7, 14, 3, 21, 18, 4, 8, 19, 1]
UAV tour: {0: [0, 15, 16, 0], 1: [0, 7, 0], 2: [0, 14, 0], 3: [0, 2, 0], 4: [0, 21, 0], 5: [0, 9, 0], 6: [0, 18, 0], 7: [0, 4, 0], 8: [0, 13, 0], 9: [0, 8, 0], 10: [0, 12, 0], 11: [0, 1, 0], 12: [0, 11, 0]}
=========================================================
average fitness: 1000136.8535610352
best fitness: 128.87613884403038
t_tour: [1, 20, 2, 6, 9, 8, 17, 10, 7, 5, 12, 22, 11, 3, 19, 14, 21, 18, 4, 13, 16, 15]
UAV tour: {0: [0, 11, 1, 0], 1: [0, 3, 0], 2: [0, 6, 0], 3: [0, 8, 0], 4: [0, 21, 0], 5: [0, 17, 18, 0], 6: [0, 4, 0], 7: [0, 13, 0], 8: [0, 7, 0], 9: [0, 5, 0], 10: [0, 12, 0]}
=========================================================
average fitness: 2333451.0195692936
best fitness: 126.97669021022104
t_tour: [1, 20, 2, 6, 9, 8, 17, 10, 7, 5, 12, 22, 11, 3, 19, 14, 21, 18, 4, 13, 16, 15]
UAV tour: {0: [0, 11, 1, 0], 1: [0, 3, 20, 0], 2: [0, 6, 0], 3: [0, 8, 14, 0], 4: [0, 21, 0], 5: [0, 17, 18, 0], 6: [0, 4, 0], 7: [0, 13, 0], 8: [0, 7, 0], 9: [0, 5, 0], 10: [0, 12, 0]}
=========================================================
average fitness: 2000121.888858821
best fitness: 126.97669021022104
t_tour: [1, 20, 2, 6, 9, 8, 17, 10, 7, 5, 12, 22, 11, 3, 19, 14, 21, 18, 4, 13, 16, 15]
UAV tour: {0: [0, 11, 1, 0], 1: [0, 3, 20, 0], 2: [0, 6, 0], 3: [0, 8, 14, 0], 4: [0, 21, 0], 5: [0, 17, 18, 0], 6: [0, 4, 0], 7: [0, 13, 0], 8: [0, 7, 0], 9: [0, 5, 0], 10: [0, 12, 0]}
=========================================================
average fitness: 666806.4275847434
best fitness: 128.08051015672766
t_tour: [1, 20, 2, 6, 9, 8, 17, 10, 7, 5, 12, 22, 11, 3, 19, 14, 21, 18, 4, 13, 16, 15]
UAV tour: {0: [0, 11, 1, 0], 1: [0, 3, 20, 0], 2: [0, 6, 0], 3: [0, 8, 0], 4: [0, 21, 0], 5: [0, 17, 18, 0], 6: [0, 13, 0], 7: [0, 7, 0], 8: [0, 5, 0], 9: [0, 12, 0]}
=========================================================
average fitness: 1000135.1639355078
best fitness: 122.66976341082851
t_tour: [1, 20, 2, 6, 16, 13, 17, 12, 7, 5, 10, 22, 11, 3, 19, 14, 21, 18, 4, 8, 9, 15]
UAV tour: {0: [0, 11, 1, 0], 1: [0, 3, 20, 0], 2: [0, 6, 0], 3: [0, 16, 0], 4: [0, 13, 0], 5: [0, 21, 0], 6: [0, 18, 12, 0], 7: [0, 7, 0], 8: [0, 4, 5, 0], 9: [0, 9, 0], 10: [0, 15, 0]}
=========================================================
average fitness: 666804.1532394444
best fitness: 124.55921546530747
t_tour: [1, 20, 2, 6, 16, 13, 17, 12, 7, 5, 10, 22, 11, 3, 19, 14, 21, 18, 4, 8, 9, 15]
UAV tour: {0: [0, 11, 1, 0], 1: [0, 3, 20, 0], 2: [0, 6, 0], 3: [0, 16, 0], 4: [0, 13, 0], 5: [0, 21, 0], 6: [0, 17, 18, 0], 7: [0, 7, 0], 8: [0, 4, 5, 0], 9: [0, 9, 0]}
=========================================================
average fitness: 666801.5832985535
best fitness: 126.62272732990469
t_tour: [1, 20, 2, 6, 16, 13, 17, 12, 7, 5, 10, 22, 11, 3, 19, 14, 21, 18, 4, 8, 9, 15]
UAV tour: {0: [0, 11, 1, 0], 1: [0, 3, 0], 2: [0, 6, 0], 3: [0, 13, 0], 4: [0, 21, 0], 5: [0, 18, 12, 0], 6: [0, 7, 0], 7: [0, 4, 5, 0], 8: [0, 9, 0], 9: [0, 15, 0]}
=========================================================
average fitness: 142.9121545847924
best fitness: 124.3399865239321
t_tour: [1, 20, 2, 6, 16, 13, 17, 12, 7, 5, 10, 22, 11, 3, 19, 14, 21, 18, 4, 8, 9, 15]
UAV tour: {0: [0, 11, 1, 0], 1: [0, 3, 0], 2: [0, 6, 0], 3: [0, 16, 0], 4: [0, 13, 0], 5: [0, 21, 0], 6: [0, 17, 18, 12, 0], 7: [0, 7, 0], 8: [0, 4, 5, 0], 9: [0, 9, 0], 10: [0, 15, 0]}
=========================================================
average fitness: 139.5302166307394
best fitness: 124.90348457380158
t_tour: [16, 20, 6, 9, 3, 14, 17, 12, 5, 10, 15, 22, 2, 7, 18, 8, 21, 19, 4, 13, 11, 1]
UAV tour: {0: [0, 16, 0], 1: [0, 7, 0], 2: [0, 18, 0], 3: [0, 6, 0], 4: [0, 9, 21, 0], 5: [0, 14, 0], 6: [0, 12, 0], 7: [0, 13, 0], 8: [0, 5, 0], 9: [0, 15, 0]}
=========================================================
average fitness: 333469.911165534
best fitness: 124.67705855168624
t_tour: [1, 20, 2, 6, 10, 13, 17, 12, 19, 5, 15, 22, 16, 7, 14, 3, 21, 18, 4, 8, 9, 11]
UAV tour: {0: [0, 1, 0], 1: [0, 7, 0], 2: [0, 14, 0], 3: [0, 6, 0], 4: [0, 21, 0], 5: [0, 18, 0], 6: [0, 13, 0], 7: [0, 4, 0], 8: [0, 12, 0], 9: [0, 9, 0], 10: [0, 5, 0]}
=========================================================
average fitness: 143.6497440569545
best fitness: 124.67705855168624
t_tour: [1, 20, 2, 6, 10, 13, 17, 12, 19, 5, 15, 22, 16, 7, 14, 3, 21, 18, 4, 8, 9, 11]
UAV tour: {0: [0, 1, 0], 1: [0, 7, 0], 2: [0, 14, 0], 3: [0, 6, 0], 4: [0, 21, 0], 5: [0, 18, 0], 6: [0, 13, 0], 7: [0, 4, 0], 8: [0, 12, 0], 9: [0, 9, 0], 10: [0, 5, 0]}
=========================================================
average fitness: 333470.1162093786
best fitness: 121.73712314861925
t_tour: [1, 20, 16, 6, 8, 13, 17, 12, 5, 10, 15, 22, 11, 7, 18, 21, 14, 19, 4, 3, 9, 2]
UAV tour: {0: [0, 11, 1, 0], 1: [0, 7, 0], 2: [0, 20, 0], 3: [0, 21, 0], 4: [0, 14, 0], 5: [0, 6, 0], 6: [0, 4, 0], 7: [0, 13, 0], 8: [0, 9, 0], 9: [0, 12, 0], 10: [0, 5, 0], 11: [0, 15, 0]}
=========================================================
average fitness: 144.5198018508966
best fitness: 123.49541675405999
t_tour: [1, 20, 16, 6, 8, 13, 17, 12, 5, 10, 15, 22, 11, 7, 18, 21, 14, 19, 4, 3, 9, 2]
UAV tour: {0: [0, 1, 7, 0], 1: [0, 20, 0], 2: [0, 21, 0], 3: [0, 14, 0], 4: [0, 6, 0], 5: [0, 4, 0], 6: [0, 13, 0], 7: [0, 3, 9, 0], 8: [0, 12, 0], 9: [0, 5, 0], 10: [0, 15, 0]}
=========================================================
average fitness: 143.85117152204197
best fitness: 124.52942795949897
t_tour: [1, 20, 16, 6, 8, 13, 17, 12, 5, 10, 15, 22, 11, 7, 18, 21, 14, 19, 4, 3, 9, 2]
UAV tour: {0: [0, 1, 0], 1: [0, 7, 0], 2: [0, 20, 21, 0], 3: [0, 14, 0], 4: [0, 6, 0], 5: [0, 4, 0], 6: [0, 13, 0], 7: [0, 9, 0], 8: [0, 12, 0], 9: [0, 5, 0], 10: [0, 15, 0]}
=========================================================
average fitness: 141.52328917375178
best fitness: 121.73712314861925
t_tour: [1, 20, 16, 6, 8, 13, 17, 12, 5, 10, 15, 22, 11, 7, 18, 21, 14, 19, 4, 3, 9, 2]
UAV tour: {0: [0, 11, 1, 0], 1: [0, 7, 0], 2: [0, 20, 0], 3: [0, 21, 0], 4: [0, 14, 0], 5: [0, 6, 0], 6: [0, 4, 0], 7: [0, 13, 0], 8: [0, 9, 0], 9: [0, 12, 0], 10: [0, 5, 0], 11: [0, 15, 0]}
=========================================================
average fitness: 333469.3609051133
best fitness: 121.73712314861925
t_tour: [1, 20, 16, 6, 8, 13, 17, 12, 5, 10, 15, 22, 11, 7, 18, 21, 14, 19, 4, 3, 9, 2]
UAV tour: {0: [0, 11, 1, 0], 1: [0, 7, 0], 2: [0, 20, 0], 3: [0, 21, 0], 4: [0, 14, 0], 5: [0, 6, 0], 6: [0, 4, 0], 7: [0, 13, 0], 8: [0, 9, 0], 9: [0, 12, 0], 10: [0, 5, 0], 11: [0, 15, 0]}
=========================================================
average fitness: 141.76972789608797
best fitness: 121.73712314861925
t_tour: [1, 20, 16, 6, 8, 13, 17, 12, 5, 10, 15, 22, 11, 7, 18, 21, 14, 19, 4, 3, 9, 2]
UAV tour: {0: [0, 11, 1, 0], 1: [0, 7, 0], 2: [0, 20, 0], 3: [0, 21, 0], 4: [0, 14, 0], 5: [0, 6, 0], 6: [0, 4, 0], 7: [0, 13, 0], 8: [0, 9, 0], 9: [0, 12, 0], 10: [0, 5, 0], 11: [0, 15, 0]}
=========================================================
average fitness: 333470.1943043586
best fitness: 124.0395516420486
t_tour: [1, 20, 16, 6, 8, 13, 17, 12, 5, 2, 15, 22, 11, 7, 18, 21, 14, 19, 4, 3, 9, 10]
UAV tour: {0: [0, 11, 1, 0], 1: [0, 7, 0], 2: [0, 20, 0], 3: [0, 21, 0], 4: [0, 14, 0], 5: [0, 6, 0], 6: [0, 4, 0], 7: [0, 13, 0], 8: [0, 9, 0], 9: [0, 12, 0], 10: [0, 5, 0], 11: [0, 2, 0]}
=========================================================
average fitness: 333469.64217635716
best fitness: 122.47326474431975
t_tour: [1, 20, 16, 6, 8, 13, 17, 12, 5, 2, 15, 22, 11, 7, 18, 21, 14, 19, 4, 3, 9, 10]
UAV tour: {0: [0, 1, 7, 0], 1: [0, 20, 0], 2: [0, 21, 0], 3: [0, 14, 0], 4: [0, 6, 0], 5: [0, 4, 0], 6: [0, 13, 0], 7: [0, 9, 0], 8: [0, 12, 0], 9: [0, 5, 0], 10: [0, 2, 0], 11: [0, 15, 0]}
=========================================================
average fitness: 141.11310041749184
best fitness: 122.47326474431975
t_tour: [1, 20, 16, 6, 8, 13, 17, 12, 5, 2, 15, 22, 11, 7, 18, 21, 14, 19, 4, 3, 9, 10]
UAV tour: {0: [0, 11, 1, 7, 0], 1: [0, 20, 0], 2: [0, 21, 0], 3: [0, 14, 0], 4: [0, 6, 0], 5: [0, 4, 0], 6: [0, 13, 0], 7: [0, 9, 0], 8: [0, 12, 0], 9: [0, 5, 0], 10: [0, 2, 0], 11: [0, 15, 0]}
=========================================================
average fitness: 142.46112445896364
best fitness: 123.79100487142901
t_tour: [1, 20, 16, 6, 8, 13, 17, 12, 5, 2, 15, 22, 11, 7, 18, 21, 14, 19, 4, 3, 9, 10]
UAV tour: {0: [0, 11, 1, 0], 1: [0, 7, 0], 2: [0, 20, 21, 0], 3: [0, 14, 0], 4: [0, 6, 0], 5: [0, 4, 0], 6: [0, 13, 0], 7: [0, 9, 0], 8: [0, 12, 0], 9: [0, 5, 0], 10: [0, 2, 0], 11: [0, 15, 0]}
=========================================================
average fitness: 140.36419748988334
best fitness: 121.73712314861925
t_tour: [1, 20, 16, 6, 8, 13, 17, 12, 5, 10, 15, 22, 11, 7, 18, 21, 14, 19, 4, 3, 9, 2]
UAV tour: {0: [0, 11, 1, 0], 1: [0, 7, 0], 2: [0, 20, 0], 3: [0, 21, 0], 4: [0, 14, 0], 5: [0, 6, 0], 6: [0, 4, 0], 7: [0, 13, 0], 8: [0, 9, 0], 9: [0, 12, 0], 10: [0, 5, 0], 11: [0, 15, 0]}
=========================================================
average fitness: 333464.8027697059
best fitness: 121.73712314861925
t_tour: [1, 20, 16, 6, 8, 13, 17, 12, 5, 10, 15, 22, 11, 7, 18, 21, 14, 19, 4, 3, 9, 2]
UAV tour: {0: [0, 11, 1, 0], 1: [0, 7, 0], 2: [0, 20, 0], 3: [0, 21, 0], 4: [0, 14, 0], 5: [0, 6, 0], 6: [0, 4, 0], 7: [0, 13, 0], 8: [0, 9, 0], 9: [0, 12, 0], 10: [0, 5, 0], 11: [0, 15, 0]}
=========================================================
average fitness: 333463.5452198079
best fitness: 118.09474390933568
t_tour: [1, 20, 16, 6, 3, 14, 17, 12, 5, 10, 15, 22, 11, 7, 18, 21, 13, 19, 4, 8, 2, 9]
UAV tour: {0: [0, 1, 0], 1: [0, 7, 0], 2: [0, 20, 0], 3: [0, 21, 0], 4: [0, 13, 0], 5: [0, 16, 0], 6: [0, 6, 0], 7: [0, 4, 0], 8: [0, 14, 0], 9: [0, 2, 0], 10: [0, 12, 0], 11: [0, 5, 0], 12: [0, 15, 0]}
=========================================================
average fitness: 134.84776913319556
best fitness: 116.92541835215766
t_tour: [1, 20, 16, 6, 3, 14, 17, 12, 5, 10, 15, 22, 11, 7, 18, 21, 13, 19, 4, 8, 2, 9]
UAV tour: {0: [0, 11, 1, 0], 1: [0, 7, 0], 2: [0, 20, 0], 3: [0, 21, 0], 4: [0, 13, 0], 5: [0, 16, 0], 6: [0, 6, 0], 7: [0, 4, 0], 8: [0, 14, 0], 9: [0, 2, 0], 10: [0, 12, 0], 11: [0, 5, 0], 12: [0, 15, 0]}
=========================================================
RUNNING TIME: 0:07:43.288794
