average fitness: 34.82100857204694
best fitness: 28.866546389830553
t_tour: [12, 5, 1, 11, 4, 7, 10, 6, 8, 2, 3, 9]
UAV tour: {0: [0, 5, 0], 1: [0, 1, 0], 2: [0, 11, 0], 3: [0, 4, 0], 4: [0, 10, 0], 5: [0, 6, 0], 6: [0, 8, 0], 7: [0, 2, 0], 8: [0, 3, 0], 9: [0, 9, 0]}
=========================================================
average fitness: 32.55948447182745
best fitness: 28.655813404542407
t_tour: [9, 3, 4, 11, 7, 8, 6, 10, 1, 5, 12, 2]
UAV tour: {0: [0, 9, 0], 1: [0, 3, 0], 2: [0, 11, 0], 3: [0, 7, 0], 4: [0, 8, 0], 5: [0, 6, 0], 6: [0, 10, 0], 7: [0, 1, 0], 8: [0, 5, 0]}
=========================================================
average fitness: 31.471337290585435
best fitness: 28.549742513691502
t_tour: [12, 8, 1, 11, 10, 3, 2, 6, 5, 4, 7, 9]
UAV tour: {0: [0, 8, 0], 1: [0, 1, 0], 2: [0, 11, 0], 3: [0, 10, 0], 4: [0, 3, 0], 5: [0, 2, 0], 6: [0, 6, 0], 7: [0, 5, 0], 8: [0, 4, 0], 9: [0, 9, 0]}
=========================================================
average fitness: 31.071762605413287
best fitness: 28.046369539738137
t_tour: [12, 5, 6, 11, 9, 3, 10, 1, 8, 2, 7, 4]
UAV tour: {0: [0, 5, 0], 1: [0, 6, 0], 2: [0, 11, 0], 3: [0, 9, 0], 4: [0, 3, 0], 5: [0, 10, 0], 6: [0, 1, 0], 7: [0, 8, 0], 8: [0, 2, 0], 9: [0, 7, 0], 10: [0, 4, 0]}
=========================================================
average fitness: 30.46382240579768
best fitness: 27.74445271700442
t_tour: [12, 5, 4, 7, 2, 11, 10, 6, 8, 1, 3, 9]
UAV tour: {0: [0, 5, 0], 1: [0, 4, 0], 2: [0, 7, 0], 3: [0, 11, 0], 4: [0, 10, 0], 5: [0, 6, 0], 6: [0, 8, 0], 7: [0, 1, 0], 8: [0, 3, 0], 9: [0, 9, 0]}
=========================================================
average fitness: 30.93755368967424
best fitness: 27.52425898860585
t_tour: [12, 5, 4, 7, 1, 11, 10, 6, 8, 2, 3, 9]
UAV tour: {0: [0, 5, 0], 1: [0, 4, 0], 2: [0, 7, 0], 3: [0, 11, 0], 4: [0, 10, 0], 5: [0, 6, 0], 6: [0, 8, 0], 7: [0, 2, 0], 8: [0, 3, 0], 9: [0, 9, 0]}
=========================================================
average fitness: 29.936573548585955
best fitness: 27.52425898860585
t_tour: [12, 5, 4, 7, 1, 11, 10, 6, 8, 2, 3, 9]
UAV tour: {0: [0, 5, 0], 1: [0, 4, 0], 2: [0, 7, 0], 3: [0, 11, 0], 4: [0, 10, 0], 5: [0, 6, 0], 6: [0, 8, 0], 7: [0, 2, 0], 8: [0, 3, 0], 9: [0, 9, 0]}
=========================================================
average fitness: 29.381770073725473
best fitness: 27.26003433439494
t_tour: [12, 7, 4, 11, 2, 5, 10, 6, 8, 1, 3, 9]
UAV tour: {0: [0, 7, 0], 1: [0, 4, 0], 2: [0, 11, 0], 3: [0, 2, 0], 4: [0, 5, 0], 5: [0, 10, 0], 6: [0, 6, 0], 7: [0, 8, 0], 8: [0, 1, 0], 9: [0, 3, 0], 10: [0, 9, 0]}
=========================================================
average fitness: 29.449183729715426
best fitness: 27.26003433439494
t_tour: [12, 7, 4, 11, 2, 5, 10, 6, 8, 1, 3, 9]
UAV tour: {0: [0, 7, 0], 1: [0, 4, 0], 2: [0, 11, 0], 3: [0, 2, 0], 4: [0, 5, 0], 5: [0, 10, 0], 6: [0, 6, 0], 7: [0, 8, 0], 8: [0, 1, 0], 9: [0, 3, 0], 10: [0, 9, 0]}
=========================================================
average fitness: 29.171352669687533
best fitness: 27.26003433439494
t_tour: [12, 7, 4, 11, 2, 5, 10, 6, 8, 1, 3, 9]
UAV tour: {0: [0, 7, 0], 1: [0, 4, 0], 2: [0, 11, 0], 3: [0, 2, 0], 4: [0, 5, 0], 5: [0, 10, 0], 6: [0, 6, 0], 7: [0, 8, 0], 8: [0, 1, 0], 9: [0, 3, 0], 10: [0, 9, 0]}
=========================================================
average fitness: 28.78031024206927
best fitness: 27.26003433439494
t_tour: [12, 7, 4, 11, 2, 5, 10, 6, 8, 1, 3, 9]
UAV tour: {0: [0, 7, 0], 1: [0, 4, 0], 2: [0, 11, 0], 3: [0, 2, 0], 4: [0, 5, 0], 5: [0, 10, 0], 6: [0, 6, 0], 7: [0, 8, 0], 8: [0, 1, 0], 9: [0, 3, 0], 10: [0, 9, 0]}
=========================================================
average fitness: 29.182385694183335
best fitness: 27.26003433439494
t_tour: [12, 7, 4, 11, 2, 5, 10, 6, 8, 1, 3, 9]
UAV tour: {0: [0, 7, 0], 1: [0, 4, 0], 2: [0, 11, 0], 3: [0, 2, 0], 4: [0, 5, 0], 5: [0, 10, 0], 6: [0, 6, 0], 7: [0, 8, 0], 8: [0, 1, 0], 9: [0, 3, 0], 10: [0, 9, 0]}
=========================================================
average fitness: 28.933512851604906
best fitness: 27.26003433439494
t_tour: [12, 7, 4, 11, 2, 5, 10, 6, 8, 1, 3, 9]
UAV tour: {0: [0, 7, 0], 1: [0, 4, 0], 2: [0, 11, 0], 3: [0, 2, 0], 4: [0, 5, 0], 5: [0, 10, 0], 6: [0, 6, 0], 7: [0, 8, 0], 8: [0, 1, 0], 9: [0, 3, 0], 10: [0, 9, 0]}
=========================================================
average fitness: 28.87154945274791
best fitness: 26.91649776289264
t_tour: [12, 6, 10, 11, 2, 3, 9, 5, 1, 8, 7, 4]
UAV tour: {0: [0, 6, 0], 1: [0, 10, 0], 2: [0, 11, 0], 3: [0, 2, 0], 4: [0, 3, 0], 5: [0, 9, 0], 6: [0, 5, 0], 7: [0, 1, 0], 8: [0, 8, 0], 9: [0, 7, 0], 10: [0, 4, 0]}
=========================================================
average fitness: 28.48983621486229
best fitness: 26.91649776289264
t_tour: [12, 7, 4, 11, 2, 5, 1, 8, 6, 10, 3, 9]
UAV tour: {0: [0, 7, 0], 1: [0, 4, 0], 2: [0, 11, 0], 3: [0, 2, 0], 4: [0, 5, 0], 5: [0, 1, 0], 6: [0, 8, 0], 7: [0, 6, 0], 8: [0, 10, 0], 9: [0, 3, 0], 10: [0, 9, 0]}
=========================================================
average fitness: 28.48120296663207
best fitness: 26.916497762892636
t_tour: [12, 7, 4, 11, 2, 8, 1, 5, 6, 10, 3, 9]
UAV tour: {0: [0, 7, 0], 1: [0, 4, 0], 2: [0, 11, 0], 3: [0, 2, 0], 4: [0, 8, 0], 5: [0, 1, 0], 6: [0, 5, 0], 7: [0, 6, 0], 8: [0, 10, 0], 9: [0, 3, 0], 10: [0, 9, 0]}
=========================================================
average fitness: 28.703638582556813
best fitness: 26.916497762892636
t_tour: [12, 7, 4, 11, 2, 8, 1, 5, 6, 10, 3, 9]
UAV tour: {0: [0, 7, 0], 1: [0, 4, 0], 2: [0, 11, 0], 3: [0, 2, 0], 4: [0, 8, 0], 5: [0, 1, 0], 6: [0, 5, 0], 7: [0, 6, 0], 8: [0, 10, 0], 9: [0, 3, 0], 10: [0, 9, 0]}
=========================================================
average fitness: 28.58205489295646
best fitness: 26.916497762892636
t_tour: [12, 7, 4, 11, 2, 8, 1, 5, 6, 10, 3, 9]
UAV tour: {0: [0, 7, 0], 1: [0, 4, 0], 2: [0, 11, 0], 3: [0, 2, 0], 4: [0, 8, 0], 5: [0, 1, 0], 6: [0, 5, 0], 7: [0, 6, 0], 8: [0, 10, 0], 9: [0, 3, 0], 10: [0, 9, 0]}
=========================================================
average fitness: 28.76335034325759
best fitness: 26.916497762892636
t_tour: [12, 7, 4, 11, 2, 8, 1, 5, 6, 10, 3, 9]
UAV tour: {0: [0, 7, 0], 1: [0, 4, 0], 2: [0, 11, 0], 3: [0, 2, 0], 4: [0, 8, 0], 5: [0, 1, 0], 6: [0, 5, 0], 7: [0, 6, 0], 8: [0, 10, 0], 9: [0, 3, 0], 10: [0, 9, 0]}
=========================================================
average fitness: 28.513871854482623
best fitness: 26.916497762892636
t_tour: [12, 7, 4, 11, 2, 8, 1, 5, 6, 10, 3, 9]
UAV tour: {0: [0, 7, 0], 1: [0, 4, 0], 2: [0, 11, 0], 3: [0, 2, 0], 4: [0, 8, 0], 5: [0, 1, 0], 6: [0, 5, 0], 7: [0, 6, 0], 8: [0, 10, 0], 9: [0, 3, 0], 10: [0, 9, 0]}
=========================================================
average fitness: 28.79288213742849
best fitness: 26.916497762892636
t_tour: [12, 7, 4, 11, 2, 8, 1, 5, 6, 10, 3, 9]
UAV tour: {0: [0, 7, 0], 1: [0, 4, 0], 2: [0, 11, 0], 3: [0, 2, 0], 4: [0, 8, 0], 5: [0, 1, 0], 6: [0, 5, 0], 7: [0, 6, 0], 8: [0, 10, 0], 9: [0, 3, 0], 10: [0, 9, 0]}
=========================================================
average fitness: 28.487532994420476
best fitness: 26.916497762892636
t_tour: [12, 7, 4, 11, 2, 8, 1, 5, 6, 10, 3, 9]
UAV tour: {0: [0, 7, 0], 1: [0, 4, 0], 2: [0, 11, 0], 3: [0, 2, 0], 4: [0, 8, 0], 5: [0, 1, 0], 6: [0, 5, 0], 7: [0, 6, 0], 8: [0, 10, 0], 9: [0, 3, 0], 10: [0, 9, 0]}
=========================================================
average fitness: 28.562346318421763
best fitness: 26.916497762892636
t_tour: [12, 7, 4, 11, 2, 8, 1, 5, 6, 10, 3, 9]
UAV tour: {0: [0, 7, 0], 1: [0, 4, 0], 2: [0, 11, 0], 3: [0, 2, 0], 4: [0, 8, 0], 5: [0, 1, 0], 6: [0, 5, 0], 7: [0, 6, 0], 8: [0, 10, 0], 9: [0, 3, 0], 10: [0, 9, 0]}
=========================================================
average fitness: 28.698965564829624
best fitness: 26.916497762892636
t_tour: [12, 7, 4, 11, 2, 8, 1, 5, 6, 10, 3, 9]
UAV tour: {0: [0, 7, 0], 1: [0, 4, 0], 2: [0, 11, 0], 3: [0, 2, 0], 4: [0, 8, 0], 5: [0, 1, 0], 6: [0, 5, 0], 7: [0, 6, 0], 8: [0, 10, 0], 9: [0, 3, 0], 10: [0, 9, 0]}
=========================================================
average fitness: 28.06870783186614
best fitness: 26.916497762892636
t_tour: [12, 7, 4, 11, 2, 8, 1, 5, 6, 10, 3, 9]
UAV tour: {0: [0, 7, 0], 1: [0, 4, 0], 2: [0, 11, 0], 3: [0, 2, 0], 4: [0, 8, 0], 5: [0, 1, 0], 6: [0, 5, 0], 7: [0, 6, 0], 8: [0, 10, 0], 9: [0, 3, 0], 10: [0, 9, 0]}
=========================================================
average fitness: 27.670106261397237
best fitness: 26.916497762892632
t_tour: [12, 10, 6, 11, 2, 3, 9, 5, 1, 8, 4, 7]
UAV tour: {0: [0, 10, 0], 1: [0, 6, 0], 2: [0, 11, 0], 3: [0, 2, 0], 4: [0, 3, 0], 5: [0, 9, 0], 6: [0, 5, 0], 7: [0, 1, 0], 8: [0, 8, 0], 9: [0, 4, 0], 10: [0, 7, 0]}
=========================================================
average fitness: 28.09796829201409
best fitness: 26.916497762892632
t_tour: [12, 10, 6, 11, 2, 3, 9, 5, 1, 8, 4, 7]
UAV tour: {0: [0, 10, 0], 1: [0, 6, 0], 2: [0, 11, 0], 3: [0, 2, 0], 4: [0, 3, 0], 5: [0, 9, 0], 6: [0, 5, 0], 7: [0, 1, 0], 8: [0, 8, 0], 9: [0, 4, 0], 10: [0, 7, 0]}
=========================================================
average fitness: 27.623803304048106
best fitness: 26.916497762892632
t_tour: [12, 10, 6, 11, 2, 3, 9, 5, 1, 8, 4, 7]
UAV tour: {0: [0, 10, 0], 1: [0, 6, 0], 2: [0, 11, 0], 3: [0, 2, 0], 4: [0, 3, 0], 5: [0, 9, 0], 6: [0, 5, 0], 7: [0, 1, 0], 8: [0, 8, 0], 9: [0, 4, 0], 10: [0, 7, 0]}
=========================================================
average fitness: 27.568562638787125
best fitness: 26.916497762892632
t_tour: [12, 6, 10, 11, 2, 3, 9, 5, 1, 8, 4, 7]
UAV tour: {0: [0, 6, 0], 1: [0, 10, 0], 2: [0, 11, 0], 3: [0, 2, 0], 4: [0, 3, 0], 5: [0, 9, 0], 6: [0, 5, 0], 7: [0, 1, 0], 8: [0, 8, 0], 9: [0, 4, 0], 10: [0, 7, 0]}
=========================================================
average fitness: 28.10641527069937
best fitness: 26.916497762892632
t_tour: [12, 6, 10, 11, 2, 3, 9, 5, 1, 8, 4, 7]
UAV tour: {0: [0, 6, 0], 1: [0, 10, 0], 2: [0, 11, 0], 3: [0, 2, 0], 4: [0, 3, 0], 5: [0, 9, 0], 6: [0, 5, 0], 7: [0, 1, 0], 8: [0, 8, 0], 9: [0, 4, 0], 10: [0, 7, 0]}
=========================================================
RUNNING TIME: 0:05:38.894582
